This file contains any messages produced by compilers while
running configure, to aid debugging if configure makes a mistake.

It was created by LightServer configure 1.0, which was
generated by GNU Autoconf 2.61.  Invocation command line was

  $ ./configure 

## --------- ##
## Platform. ##
## --------- ##

hostname = debian
uname -m = i686
uname -r = 2.6.26-2-486
uname -s = Linux
uname -v = #1 Wed Feb 10 08:34:42 UTC 2010

/usr/bin/uname -p = unknown
/bin/uname -X     = unknown

/bin/arch              = unknown
/usr/bin/arch -k       = unknown
/usr/convex/getsysinfo = unknown
/usr/bin/hostinfo      = unknown
/bin/machine           = unknown
/usr/bin/oslevel       = unknown
/bin/universe          = unknown

PATH: /usr/local/bin
PATH: /usr/bin
PATH: /bin
PATH: /usr/games


## ----------- ##
## Core tests. ##
## ----------- ##

configure:1728: checking for a BSD-compatible install
configure:1784: result: /usr/bin/install -c
configure:1795: checking whether build environment is sane
configure:1838: result: yes
configure:1866: checking for a thread-safe mkdir -p
configure:1905: result: /bin/mkdir -p
configure:1918: checking for gawk
configure:1948: result: no
configure:1918: checking for mawk
configure:1934: found /usr/bin/mawk
configure:1945: result: mawk
configure:1956: checking whether make sets $(MAKE)
configure:1977: result: yes
configure:2213: checking for gcc
configure:2229: found /usr/bin/gcc
configure:2240: result: gcc
configure:2478: checking for C compiler version
configure:2485: gcc --version >&5
gcc (Debian 4.3.2-1.1) 4.3.2
Copyright (C) 2008 Free Software Foundation, Inc.
This is free software; see the source for copying conditions.  There is NO
warranty; not even for MERCHANTABILITY or FITNESS FOR A PARTICULAR PURPOSE.

configure:2488: $? = 0
configure:2495: gcc -v >&5
Using built-in specs.
Target: i486-linux-gnu
Configured with: ../src/configure -v --with-pkgversion='Debian 4.3.2-1.1' --with-bugurl=file:///usr/share/doc/gcc-4.3/README.Bugs --enable-languages=c,c++,fortran,objc,obj-c++ --prefix=/usr --enable-shared --with-system-zlib --libexecdir=/usr/lib --without-included-gettext --enable-threads=posix --enable-nls --with-gxx-include-dir=/usr/include/c++/4.3 --program-suffix=-4.3 --enable-clocale=gnu --enable-libstdcxx-debug --enable-objc-gc --enable-mpfr --enable-targets=all --enable-cld --enable-checking=release --build=i486-linux-gnu --host=i486-linux-gnu --target=i486-linux-gnu
Thread model: posix
gcc version 4.3.2 (Debian 4.3.2-1.1) 
configure:2498: $? = 0
configure:2505: gcc -V >&5
gcc: '-V' option must have argument
configure:2508: $? = 1
configure:2531: checking for C compiler default output file name
configure:2558: gcc    conftest.c  >&5
configure:2561: $? = 0
configure:2599: result: a.out
configure:2616: checking whether the C compiler works
configure:2626: ./a.out
configure:2629: $? = 0
configure:2646: result: yes
configure:2653: checking whether we are cross compiling
configure:2655: result: no
configure:2658: checking for suffix of executables
configure:2665: gcc -o conftest    conftest.c  >&5
configure:2668: $? = 0
configure:2692: result: 
configure:2698: checking for suffix of object files
configure:2724: gcc -c   conftest.c >&5
configure:2727: $? = 0
configure:2750: result: o
configure:2754: checking whether we are using the GNU C compiler
configure:2783: gcc -c   conftest.c >&5
configure:2789: $? = 0
configure:2806: result: yes
configure:2811: checking whether gcc accepts -g
configure:2841: gcc -c -g  conftest.c >&5
configure:2847: $? = 0
configure:2946: result: yes
configure:2963: checking for gcc option to accept ISO C89
configure:3037: gcc  -c -g -O2  conftest.c >&5
configure:3043: $? = 0
configure:3066: result: none needed
configure:3095: checking for style of include used by make
configure:3123: result: GNU
configure:3148: checking dependency style of gcc
configure:3239: result: gcc3
configure:3372: creating ./config.status

## ---------------------- ##
## Running config.status. ##
## ---------------------- ##

This file was extended by LightServer config.status 1.0, which was
generated by GNU Autoconf 2.61.  Invocation command line was

  CONFIG_FILES    = 
  CONFIG_HEADERS  = 
  CONFIG_LINKS    = 
  CONFIG_COMMANDS = 
  $ ./config.status 

on debian

config.status:633: creating Makefile
config.status:633: creating src/Makefile
config.status:633: creating config.h
config.status:896: executing depfiles commands

## ---------------- ##
## Cache variables. ##
## ---------------- ##

ac_cv_c_compiler_gnu=yes
ac_cv_env_CC_set=
ac_cv_env_CC_value=
ac_cv_env_CFLAGS_set=
ac_cv_env_CFLAGS_value=
ac_cv_env_CPPFLAGS_set=
ac_cv_env_CPPFLAGS_value=
ac_cv_env_LDFLAGS_set=
ac_cv_env_LDFLAGS_value=
ac_cv_env_LIBS_set=
ac_cv_env_LIBS_value=
ac_cv_env_build_alias_set=
ac_cv_env_build_alias_value=
ac_cv_env_host_alias_set=
ac_cv_env_host_alias_value=
ac_cv_env_target_alias_set=
ac_cv_env_target_alias_value=
ac_cv_objext=o
ac_cv_path_install='/usr/bin/install -c'
ac_cv_path_mkdir=/bin/mkdir
ac_cv_prog_AWK=mawk
ac_cv_prog_ac_ct_CC=gcc
ac_cv_prog_cc_c89=
ac_cv_prog_cc_g=yes
ac_cv_prog_make_make_set=yes
am_cv_CC_dependencies_compiler_type=gcc3

## ----------------- ##
## Output variables. ##
## ----------------- ##

ACLOCAL='${SHELL} /home/dhaivat/programming/c/LightServer/missing --run aclocal-1.10'
AMDEPBACKSLASH='\'
AMDEP_FALSE='#'
AMDEP_TRUE=''
AMTAR='${SHELL} /home/dhaivat/programming/c/LightServer/missing --run tar'
AUTOCONF='${SHELL} /home/dhaivat/programming/c/LightServer/missing --run autoconf'
AUTOHEADER='${SHELL} /home/dhaivat/programming/c/LightServer/missing --run autoheader'
AUTOMAKE='${SHELL} /home/dhaivat/programming/c/LightServer/missing --run automake-1.10'
AWK='mawk'
CC='gcc'
CCDEPMODE='depmode=gcc3'
CFLAGS='-g -O2'
CPPFLAGS=''
CYGPATH_W='echo'
DEFS='-DHAVE_CONFIG_H'
DEPDIR='.deps'
ECHO_C=''
ECHO_N='-n'
ECHO_T=''
EXEEXT=''
INSTALL_DATA='${INSTALL} -m 644'
INSTALL_PROGRAM='${INSTALL}'
INSTALL_SCRIPT='${INSTALL}'
INSTALL_STRIP_PROGRAM='$(install_sh) -c -s'
LDFLAGS=''
LIBOBJS=''
LIBS=''
LTLIBOBJS=''
MAKEINFO='${SHELL} /home/dhaivat/programming/c/LightServer/missing --run makeinfo'
OBJEXT='o'
PACKAGE='lightserver'
PACKAGE_BUGREPORT=''
PACKAGE_NAME='LightServer'
PACKAGE_STRING='LightServer 1.0'
PACKAGE_TARNAME='lightserver'
PACKAGE_VERSION='1.0'
PATH_SEPARATOR=':'
SET_MAKE=''
SHELL='/bin/sh'
STRIP=''
VERSION='1.0'
ac_ct_CC='gcc'
am__fastdepCC_FALSE='#'
am__fastdepCC_TRUE=''
am__include='include'
am__isrc=''
am__leading_dot='.'
am__quote=''
am__tar='${AMTAR} chof - "$$tardir"'
am__untar='${AMTAR} xf -'
bindir='${exec_prefix}/bin'
build_alias=''
datadir='${datarootdir}'
datarootdir='${prefix}/share'
docdir='${datarootdir}/doc/${PACKAGE_TARNAME}'
dvidir='${docdir}'
exec_prefix='${prefix}'
host_alias=''
htmldir='${docdir}'
includedir='${prefix}/include'
infodir='${datarootdir}/info'
install_sh='$(SHELL) /home/dhaivat/programming/c/LightServer/install-sh'
libdir='${exec_prefix}/lib'
libexecdir='${exec_prefix}/libexec'
localedir='${datarootdir}/locale'
localstatedir='${prefix}/var'
mandir='${datarootdir}/man'
mkdir_p='/bin/mkdir -p'
oldincludedir='/usr/include'
pdfdir='${docdir}'
prefix='/usr/local'
program_transform_name='s,x,x,'
psdir='${docdir}'
sbindir='${exec_prefix}/sbin'
sharedstatedir='${prefix}/com'
sysconfdir='${prefix}/etc'
target_alias=''

## ----------- ##
## confdefs.h. ##
## ----------- ##

#define PACKAGE_NAME "LightServer"
#define PACKAGE_TARNAME "lightserver"
#define PACKAGE_VERSION "1.0"
#define PACKAGE_STRING "LightServer 1.0"
#define PACKAGE_BUGREPORT ""
#define PACKAGE "lightserver"
#define VERSION "1.0"

configure: exit 0
